Wed Sep 12 16:05:12 CST 2012  [debug] AvalonLogSystem initialized using logfile '/home/tju/Workspaces/Projects/Java/.metadata/.plugins/com.genuitec.eclipse.templates/velocity.log'
Wed Sep 12 16:05:12 CST 2012   [info] ************************************************************** 
Wed Sep 12 16:05:12 CST 2012   [info] Starting Jakarta Velocity v1.4
Wed Sep 12 16:05:12 CST 2012   [info] RuntimeInstance initializing.
Wed Sep 12 16:05:12 CST 2012   [info] Default Properties File: org/apache/velocity/runtime/defaults/velocity.properties
Wed Sep 12 16:05:12 CST 2012   [info] Trying to use logger class org.apache.velocity.runtime.log.AvalonLogSystem
Wed Sep 12 16:05:12 CST 2012   [info] Using logger class org.apache.velocity.runtime.log.AvalonLogSystem
Wed Sep 12 16:05:12 CST 2012   [info] Default ResourceManager initializing. (class org.apache.velocity.runtime.resource.ResourceManagerImpl)
Wed Sep 12 16:05:12 CST 2012   [info] Resource Loader Instantiated: com.genuitec.eclipse.templates.internal.PluginResourceLoader
Wed Sep 12 16:05:12 CST 2012   [info] ResourceCache : initialized. (class org.apache.velocity.runtime.resource.ResourceCacheImpl)
Wed Sep 12 16:05:12 CST 2012   [info] Default ResourceManager initialization complete.
Wed Sep 12 16:05:12 CST 2012   [info] Loaded System Directive: org.apache.velocity.runtime.directive.Literal
Wed Sep 12 16:05:12 CST 2012   [info] Loaded System Directive: org.apache.velocity.runtime.directive.Macro
Wed Sep 12 16:05:12 CST 2012   [info] Loaded System Directive: org.apache.velocity.runtime.directive.Parse
Wed Sep 12 16:05:12 CST 2012   [info] Loaded System Directive: org.apache.velocity.runtime.directive.Include
Wed Sep 12 16:05:12 CST 2012   [info] Loaded System Directive: org.apache.velocity.runtime.directive.Foreach
Wed Sep 12 16:05:12 CST 2012   [info] Created: 20 parsers.
Wed Sep 12 16:05:12 CST 2012   [info] Velocimacro : initialization starting.
Wed Sep 12 16:05:12 CST 2012   [info] Velocimacro : adding VMs from VM library template : VM_global_library.vm
Wed Sep 12 16:05:12 CST 2012   [info] ResourceManager : found VM_global_library.vm with loader com.genuitec.eclipse.templates.internal.PluginResourceLoader
Wed Sep 12 16:05:12 CST 2012   [info] Velocimacro :  VM library template macro registration complete.
Wed Sep 12 16:05:12 CST 2012   [info] Velocimacro : allowInline = true : VMs can be defined inline in templates
Wed Sep 12 16:05:12 CST 2012   [info] Velocimacro : allowInlineToOverride = true : VMs defined inline may replace previous VM definitions
Wed Sep 12 16:05:12 CST 2012   [info] Velocimacro : allowInlineLocal = true : VMs defined inline will be local to their defining template only.
Wed Sep 12 16:05:12 CST 2012   [info] Velocimacro : messages on  : VM system will output logging messages
Wed Sep 12 16:05:12 CST 2012   [info] Velocimacro : autoload off  : VM system will not automatically reload global library macros
Wed Sep 12 16:05:12 CST 2012   [info] Velocimacro : initialization complete.
Wed Sep 12 16:05:12 CST 2012   [info] Velocity successfully started.
Wed Sep 12 16:05:12 CST 2012   [info] ResourceManager : found templates/jsp/Jsp.vtl with loader com.genuitec.eclipse.templates.internal.PluginResourceLoader
Wed Sep 12 16:05:12 CST 2012   [info] ResourceManager : found templates/jsp/JSPMetaTags.vtl with loader com.genuitec.eclipse.templates.internal.PluginResourceLoader
Wed Sep 12 16:05:38 CST 2012   [info] ResourceManager : found templates/jsp/Jsp.vtl with loader com.genuitec.eclipse.templates.internal.PluginResourceLoader
Wed Sep 12 16:05:38 CST 2012   [info] ResourceManager : found templates/jsp/JSPMetaTags.vtl with loader com.genuitec.eclipse.templates.internal.PluginResourceLoader
Wed Sep 12 16:06:56 CST 2012   [info] ResourceManager : found templates/jsp/Jsp.vtl with loader com.genuitec.eclipse.templates.internal.PluginResourceLoader
Wed Sep 12 16:06:56 CST 2012   [info] ResourceManager : found templates/jsp/JSPMetaTags.vtl with loader com.genuitec.eclipse.templates.internal.PluginResourceLoader
Wed Sep 12 16:07:09 CST 2012   [info] ResourceManager : found templates/jsp/Jsp.vtl with loader com.genuitec.eclipse.templates.internal.PluginResourceLoader
Wed Sep 12 16:07:09 CST 2012   [info] ResourceManager : found templates/jsp/JSPMetaTags.vtl with loader com.genuitec.eclipse.templates.internal.PluginResourceLoader
Wed Sep 12 16:07:31 CST 2012   [info] ResourceManager : found templates/jsp/Jsp.vtl with loader com.genuitec.eclipse.templates.internal.PluginResourceLoader
Wed Sep 12 16:07:31 CST 2012   [info] ResourceManager : found templates/jsp/JSPMetaTags.vtl with loader com.genuitec.eclipse.templates.internal.PluginResourceLoader
